<?xml version="1.0" encoding="UTF-8"?>
<!-- Generated by org.testng.reporters.JUnitReportReporter -->
<testsuite skipped="0" hostname="Gowtham_S" name="pojaAddPlace.AddPlaceApi" tests="1" failures="0" timestamp="11 Oct 2024 06:37:53 GMT" time="8.987" errors="0">
  <testcase name="addPlace" time="8.987" classname="pojaAddPlace.AddPlaceApi"/>
</testsuite> <!-- pojaAddPlace.AddPlaceApi -->
