<?xml version="1.0" encoding="UTF-8"?>
<!-- Generated by org.testng.reporters.JUnitReportReporter -->
<testsuite skipped="0" hostname="Gowtham_S" name="com.restapisample.AddPlaceFromFIlePayload" tests="1" failures="0" timestamp="18 Sep 2024 14:11:00 GMT" time="4.981" errors="0">
  <testcase name="addPlace" time="4.981" classname="com.restapisample.AddPlaceFromFIlePayload"/>
</testsuite> <!-- com.restapisample.AddPlaceFromFIlePayload -->
