<?xml version="1.0" encoding="UTF-8"?>
<!-- Generated by org.testng.reporters.JUnitReportReporter -->
<testsuite skipped="0" hostname="Gowtham_S" name="libraryAPI.LibrariesAllMethods" tests="3" failures="0" timestamp="18 Sep 2024 13:37:58 GMT" time="4.293" errors="0">
  <testcase name="libraryApi" time="0.475" classname="libraryAPI.LibrariesAllMethods"/>
  <testcase name="libraryApi" time="0.455" classname="libraryAPI.LibrariesAllMethods"/>
  <testcase name="libraryApi" time="3.363" classname="libraryAPI.LibrariesAllMethods"/>
</testsuite> <!-- libraryAPI.LibrariesAllMethods -->
