<?xml version="1.0" encoding="UTF-8"?>
<!-- Generated by org.testng.reporters.JUnitReportReporter -->
<testsuite skipped="0" hostname="Gowtham_S" name="oAuth_sample.Oauth" tests="1" failures="0" timestamp="10 Oct 2024 14:55:04 GMT" time="5.822" errors="0">
  <testcase name="Oauthunt" time="5.822" classname="oAuth_sample.Oauth"/>
</testsuite> <!-- oAuth_sample.Oauth -->
