<?xml version="1.0" encoding="UTF-8"?>
<!-- Generated by org.testng.reporters.JUnitReportReporter -->
<testsuite skipped="0" hostname="Gowtham_S" name="jiraIssue.JiraIssueCreated" tests="1" failures="0" timestamp="10 Oct 2024 15:02:48 GMT" time="11.527" errors="0">
  <testcase name="jiraissue" time="11.527" classname="jiraIssue.JiraIssueCreated"/>
</testsuite> <!-- jiraIssue.JiraIssueCreated -->
