<?xml version="1.0" encoding="UTF-8"?>
<!-- Generated by org.testng.reporters.JUnitReportReporter -->
<testsuite skipped="0" hostname="Gowtham_S" name="com.restapisample.Sumofallcopies" tests="1" failures="0" timestamp="18 Sep 2024 11:32:21 GMT" time="2.916" errors="0">
  <testcase name="sumCopies" time="2.916" classname="com.restapisample.Sumofallcopies"/>
</testsuite> <!-- com.restapisample.Sumofallcopies -->
